<?xml version="1.0" encoding="UTF-8"?>
<!-- Generated by org.testng.reporters.JUnitXMLReporter -->
<testsuite ignored="1" hostname="Karthiks-MacBook-Pro.local" failures="1" tests="1" name="Default test(failed)" time="9.575" errors="0" timestamp="2021-05-17T08:30:36 BST">
  <testcase classname="com.openMRS.tests.LoginTest" name="testInvalidLogin" time="3.016">
    <failure type="java.lang.AssertionError" message="expected [My account - My Store] but found [Login - My Store]">
      <![CDATA[java.lang.AssertionError: expected [My account - My Store] but found [Login - My Store]
at com.openMRS.tests.LoginTest.testInvalidLogin(LoginTest.java:53)
at java.base/java.util.ArrayList.forEach(ArrayList.java:1511)
... Removed 33 stack frames]]>
    </failure>
  </testcase> <!-- testInvalidLogin -->
  <testcase classname="com.openMRS.tests.LoginTest" name="testValidLogin" time="0.0">
    <ignored/>
  </testcase> <!-- testValidLogin -->
</testsuite> <!-- Default test(failed) -->
