<?xml version="1.0" encoding="UTF-8"?>
<!-- Generated by org.testng.reporters.JUnitXMLReporter -->
<testsuite ignored="1" hostname="Karthiks-MacBook-Pro.local" failures="1" tests="1" name="LoginTest(failed)" time="9.059" errors="0" timestamp="2021-05-17T08:32:30 BST">
  <testcase classname="com.openMRS.tests.LoginTest" name="testInvalidLogin" time="3.529">
    <failure type="java.lang.AssertionError" message="expected [My account - My Store] but found [Login - My Store]">
      <![CDATA[java.lang.AssertionError: expected [My account - My Store] but found [Login - My Store]
at com.openMRS.tests.LoginTest.testInvalidLogin(LoginTest.java:53)
at java.base/java.util.ArrayList.forEach(ArrayList.java:1511)
at java.base/java.util.concurrent.FutureTask.run(FutureTask.java:264)
at java.base/java.util.concurrent.ThreadPoolExecutor.runWorker(ThreadPoolExecutor.java:1130)
at java.base/java.util.concurrent.ThreadPoolExecutor$Worker.run(ThreadPoolExecutor.java:630)
at java.base/java.lang.Thread.run(Thread.java:832)
... Removed 24 stack frames]]>
    </failure>
  </testcase> <!-- testInvalidLogin -->
  <testcase classname="com.openMRS.tests.LoginTest" name="testValidLogin" time="0.0">
    <ignored/>
  </testcase> <!-- testValidLogin -->
</testsuite> <!-- LoginTest(failed) -->
