<?xml version="1.0" encoding="UTF-8"?>
<!-- Generated by org.testng.reporters.JUnitXMLReporter -->
<testsuite ignored="0" hostname="Karthiks-MacBook-Pro.local" failures="0" tests="1" name="Login Test on Firefox" time="1.278" errors="0" timestamp="2021-05-01T09:12:57 BST">
  <testcase classname="com.openMRS.tests.BaseTest" name="@BeforeTest initTest" time="1.265">
    <failure type="java.lang.NullPointerException" message="Cannot invoke &amp;quot;Utils.ConfigReader.getURL()&amp;quot; because &amp;quot;this.cfgReader&amp;quot; is null">
      <![CDATA[java.lang.NullPointerException: Cannot invoke "Utils.ConfigReader.getURL()" because "this.cfgReader" is null
at com.openMRS.tests.BaseTest.initTest(BaseTest.java:32)
... Removed 24 stack frames]]>
    </failure>
  </testcase> <!-- @BeforeTest initTest -->
  <testcase classname="com.openMRS.tests.LoginTest" name="@BeforeMethod initPages" time="-1.619856777381E9">
    <skipped/>
  </testcase> <!-- @BeforeMethod initPages -->
  <testcase classname="com.openMRS.tests.BaseTest" name="@AfterTest quit" time="-1.619856777385E9">
    <skipped/>
  </testcase> <!-- @AfterTest quit -->
  <testcase classname="com.openMRS.tests.LoginTest" name="testLogin" time="0.0">
    <skipped/>
  </testcase> <!-- testLogin -->
</testsuite> <!-- Login Test on Firefox -->
