<?xml version="1.0" encoding="UTF-8"?>
<!-- Generated by org.testng.reporters.JUnitXMLReporter -->
<testsuite ignored="0" hostname="Karthiks-MacBook-Pro.local" failures="0" tests="2" name="Login Test" time="0.03" errors="0" timestamp="2021-05-12T18:23:57 BST">
  <testcase classname="com.openMRS.tests.BaseTest" name="@BeforeTest initTest" time="0.0">
    <failure type="java.lang.NullPointerException" message="Cannot invoke &amp;quot;Utils.ConfigReader.getOS()&amp;quot; because &amp;quot;this.cfgReader&amp;quot; is null">
      <![CDATA[java.lang.NullPointerException: Cannot invoke "Utils.ConfigReader.getOS()" because "this.cfgReader" is null
at com.openMRS.tests.BaseTest.initTest(BaseTest.java:39)
... Removed 24 stack frames]]>
    </failure>
  </testcase> <!-- @BeforeTest initTest -->
  <testcase classname="com.openMRS.tests.LoginTest" name="@BeforeMethod initPages" time="-1.620840232132E9">
    <skipped/>
  </testcase> <!-- @BeforeMethod initPages -->
  <testcase classname="com.openMRS.tests.LoginTest" name="@BeforeMethod initPages" time="-1.620840232136E9">
    <skipped/>
  </testcase> <!-- @BeforeMethod initPages -->
  <testcase classname="com.openMRS.tests.BaseTest" name="@AfterTest quit" time="-1.62084023214E9">
    <skipped/>
  </testcase> <!-- @AfterTest quit -->
  <testcase classname="com.openMRS.tests.LoginTest" name="testInvalidLogin" time="0.0">
    <skipped/>
  </testcase> <!-- testInvalidLogin -->
  <testcase classname="com.openMRS.tests.LoginTest" name="testValidLogin" time="0.0">
    <skipped/>
  </testcase> <!-- testValidLogin -->
</testsuite> <!-- Login Test -->
