<?xml version="1.0" encoding="UTF-8"?>
<!-- Generated by org.testng.reporters.JUnitXMLReporter -->
<testsuite ignored="0" hostname="Karthiks-MacBook-Pro.local" failures="0" tests="2" name="Login and Register" time="0.06" errors="0" timestamp="2021-04-23T09:07:07 BST">
  <testcase classname="Batch10.Batch10MvnAutomationProj.Login" name="testLogin" time="0.012"/>
  <testcase classname="Batch10.Batch10MvnAutomationProj.Register" name="testRegister" time="0.002"/>
</testsuite> <!-- Login and Register -->
