<?xml version="1.0" encoding="UTF-8"?>
<!-- Generated by org.testng.reporters.JUnitXMLReporter -->
<testsuite ignored="0" hostname="Karthiks-MacBook-Pro.local" failures="0" tests="3" name="Login Scenario" time="0.056" errors="0" timestamp="2021-04-23T09:02:35 BST">
  <testcase classname="Batch10.Batch10MvnAutomationProj.NewTest" name="test1" time="0.01"/>
  <testcase classname="Batch10.Batch10MvnAutomationProj.NewTest" name="test2" time="0.001"/>
  <testcase classname="Batch10.Batch10MvnAutomationProj.NewTest" name="test3" time="0.001"/>
</testsuite> <!-- Login Scenario -->
