<?xml version="1.0" encoding="UTF-8"?>
<!-- Generated by org.testng.reporters.JUnitXMLReporter -->
<testsuite ignored="0" hostname="Karthiks-MacBook-Pro.local" failures="0" tests="2" name="Register" time="0.06" errors="0" timestamp="2021-04-26T08:24:01 BST">
  <testcase classname="Batch10.Batch10MvnAutomationProj.Register" name="testRegisterWithCancel" time="0.013"/>
  <testcase classname="Batch10.Batch10MvnAutomationProj.Register" name="testRegisterWithSubmit" time="0.002"/>
</testsuite> <!-- Register -->
