<?xml version="1.0" encoding="UTF-8"?>
<testsuite name="TestSuite" time="11.725" tests="6" errors="0" skipped="4" failures="2">
  <properties>
[...]
</properties>
  <testcase name="initPages" classname="com.openMRS.tests.LoginTest" time="11.719">
    <failure type="java.lang.NullPointerException:">java.lang.NullPointerException: null
	at com.openMRS.tests.LoginTest.initPages(LoginTest.java:36)
</failure>
    <system-out><![CDATA[[TestNGContentHandler] [WARN] It is strongly recommended to add "<!DOCTYPE suite SYSTEM "http://testng.org/testng-1.0.dtd" >" at the top of your file, otherwise TestNG may fail or not work as expected.
]]></system-out>
    <system-err><![CDATA[Starting ChromeDriver 89.0.4389.23 (61b08ee2c50024bab004e48d2b1b083cdbdac579-refs/branch-heads/4389@{#294}) on port 33901
Only local connections are allowed.
Please see https://chromedriver.chromium.org/security-considerations for suggestions on keeping ChromeDriver safe.
ChromeDriver was started successfully.
[1621409114.154][WARNING]: This version of ChromeDriver has not been tested with Chrome version 90.
May 19, 2021 8:25:14 AM org.openqa.selenium.remote.ProtocolHandshake createSession
INFO: Detected dialect: W3C
]]></system-err>
  </testcase>
  <testcase name="initPages" classname="com.openMRS.tests.LoginTest" time="0">
    <skipped/>
  </testcase>
  <testcase name="testInvalidLogin" classname="com.openMRS.tests.LoginTest" time="0">
    <skipped/>
  </testcase>
  <testcase name="testValidLogin" classname="com.openMRS.tests.LoginTest" time="0">
    <skipped/>
  </testcase>
  <testcase name="quit" classname="com.openMRS.tests.LoginTest" time="0">
    <skipped/>
  </testcase>
  <testcase name="testNavToLandingPage" classname="com.openMRS.tests.HomePageTest" time="0.006">
    <failure message="expected [My Store] but found [508 Resource Limit Is Reached]" type="java.lang.AssertionError">java.lang.AssertionError: expected [My Store] but found [508 Resource Limit Is Reached]
	at org.testng.Assert.fail(Assert.java:93)
	at org.testng.Assert.failNotEquals(Assert.java:512)
	at org.testng.Assert.assertEqualsImpl(Assert.java:134)
	at org.testng.Assert.assertEquals(Assert.java:115)
	at org.testng.Assert.assertEquals(Assert.java:189)
	at org.testng.Assert.assertEquals(Assert.java:199)
	at com.openMRS.tests.HomePageTest.testNavToLandingPage(HomePageTest.java:21)
</failure>
    <system-err><![CDATA[Starting ChromeDriver 89.0.4389.23 (61b08ee2c50024bab004e48d2b1b083cdbdac579-refs/branch-heads/4389@{#294}) on port 11735
Only local connections are allowed.
Please see https://chromedriver.chromium.org/security-considerations for suggestions on keeping ChromeDriver safe.
ChromeDriver was started successfully.
[1621409129.870][WARNING]: This version of ChromeDriver has not been tested with Chrome version 90.
May 19, 2021 8:25:30 AM org.openqa.selenium.remote.ProtocolHandshake createSession
INFO: Detected dialect: W3C
]]></system-err>
  </testcase>
</testsuite>