<?xml version="1.0" encoding="UTF-8"?>
<!-- Generated by org.testng.reporters.JUnitXMLReporter -->
<testsuite ignored="0" hostname="Karthiks-MacBook-Pro.local" failures="1" tests="1" name="LandingPage Test" time="2.217" errors="0" timestamp="19 May 2021 07:25:30 GMT">
  <testcase classname="com.openMRS.tests.HomePageTest" name="testNavToLandingPage" time="0.007">
    <failure type="java.lang.AssertionError" message="expected [My Store] but found [508 Resource Limit Is Reached]">
      <![CDATA[java.lang.AssertionError: expected [My Store] but found [508 Resource Limit Is Reached]
	at com.openMRS.tests.HomePageTest.testNavToLandingPage(HomePageTest.java:21)
	at java.base/java.util.concurrent.FutureTask.run(FutureTask.java:264)
	at java.base/java.util.concurrent.ThreadPoolExecutor.runWorker(ThreadPoolExecutor.java:1130)
	at java.base/java.util.concurrent.ThreadPoolExecutor$Worker.run(ThreadPoolExecutor.java:630)
	at java.base/java.lang.Thread.run(Thread.java:832)
... Removed 22 stack frames]]>
    </failure>
  </testcase> <!-- testNavToLandingPage -->
</testsuite> <!-- LandingPage Test -->
