<?xml version="1.0" encoding="UTF-8"?>
<!-- Generated by org.testng.reporters.JUnitXMLReporter -->
<testsuite ignored="0" hostname="Karthiks-MacBook-Pro.local" failures="0" tests="2" name="LoginTest" time="11.004" errors="0" timestamp="19 May 2021 07:25:28 GMT">
  <testcase classname="com.openMRS.tests.LoginTest" name="@BeforeMethod initPages" time="0.001">
    <failure type="java.lang.NullPointerException">
      <![CDATA[java.lang.NullPointerException
	at com.openMRS.tests.LoginTest.initPages(LoginTest.java:36)
	at java.base/java.util.concurrent.FutureTask.run(FutureTask.java:264)
	at java.base/java.util.concurrent.ThreadPoolExecutor.runWorker(ThreadPoolExecutor.java:1130)
	at java.base/java.util.concurrent.ThreadPoolExecutor$Worker.run(ThreadPoolExecutor.java:630)
	at java.base/java.lang.Thread.run(Thread.java:832)
... Removed 18 stack frames]]>
    </failure>
  </testcase> <!-- @BeforeMethod initPages -->
  <testcase classname="com.openMRS.tests.LoginTest" name="@BeforeMethod initPages" time="0.0">
    <skipped/>
  </testcase> <!-- @BeforeMethod initPages -->
  <testcase classname="com.openMRS.tests.BaseTest" name="@AfterClass quit" time="0.0">
    <skipped/>
  </testcase> <!-- @AfterClass quit -->
  <testcase classname="com.openMRS.tests.LoginTest" name="testInvalidLogin" time="0.0">
    <skipped/>
  </testcase> <!-- testInvalidLogin -->
  <testcase classname="com.openMRS.tests.LoginTest" name="testValidLogin" time="0.0">
    <skipped/>
  </testcase> <!-- testValidLogin -->
</testsuite> <!-- LoginTest -->
